[2024/01/27 16:25:45 CST] [INFO] (github.com/OrigamiWang/msd/micro/util/log.Info:14) PostHandler. handler begin, funcName: github.com/OrigamiWang/msd/gorm-demo/handler.GetFirstUser, req: {"id":1,"name":"origami"}
[2024/01/27 16:27:45 CST] [INFO] (github.com/OrigamiWang/msd/micro/util/log.Info:14) PostHandler. handler begin, funcName: github.com/OrigamiWang/msd/gorm-demo/handler.GetFirstUser, req: {"id":1,"name":"origami"}
[2024/01/27 16:29:44 CST] [INFO] (github.com/OrigamiWang/msd/micro/util/log.Info:14) PostHandler. handler begin, funcName: github.com/OrigamiWang/msd/gorm-demo/handler.Test, req: <nil>
[2024/01/27 16:30:39 CST] [INFO] (github.com/OrigamiWang/msd/micro/util/log.Info:14) PostHandler. handler begin, funcName: github.com/OrigamiWang/msd/gorm-demo/handler.GetFirstUser, req: {"id":1,"name":"origami"}
[2024/01/27 16:53:07 CST] [INFO] (github.com/OrigamiWang/msd/micro/util/log.Info:14) PostHandler. handler begin, funcName: github.com/OrigamiWang/msd/gorm-demo/handler.GetFirstUser, req: {"id":1,"name":"origami"}
[2024/01/27 16:58:08 CST] [INFO] (github.com/OrigamiWang/msd/micro/util/log.Info:14) PostHandler. handler begin, funcName: github.com/OrigamiWang/msd/gorm-demo/handler.GetFirstUser, req: {"id":1,"name":"origami"}
[2024/01/27 17:04:24 CST] [INFO] (github.com/OrigamiWang/msd/micro/util/log.Info:14) PostHandler. handler begin, funcName: github.com/OrigamiWang/msd/gorm-demo/handler.GetFirstUser, req: {"id":1,"name":"origami"}
[2024/01/27 17:10:41 CST] [INFO] (github.com/OrigamiWang/msd/micro/util/log.Info:14) PostHandler. handler begin, funcName: github.com/OrigamiWang/msd/gorm-demo/handler.GetFirstUser, req: {"id":1,"name":"11"}
[2024/01/27 17:11:09 CST] [INFO] (github.com/OrigamiWang/msd/micro/util/log.Info:14) PostHandler. handler begin, funcName: github.com/OrigamiWang/msd/gorm-demo/handler.GetFirstUser, req: {"id":1,"name":"11"}
[2024/01/27 17:12:04 CST] [INFO] (github.com/OrigamiWang/msd/micro/util/log.Info:14) PostHandler. handler begin, funcName: github.com/OrigamiWang/msd/gorm-demo/handler.GetFirstUser, req: {"id":1,"name":"11"}
[2024/01/27 17:14:24 CST] [INFO] (github.com/OrigamiWang/msd/micro/util/log.Info:14) PostHandler. handler begin, funcName: github.com/OrigamiWang/msd/gorm-demo/handler.GetFirstUser, req: {"id":1,"name":"11"}
[2024/01/27 17:14:24 CST] [INFO] (github.com/OrigamiWang/msd/micro/util/log.Info:16) &{1 11}
[2024/01/27 17:14:24 CST] [INFO] (github.com/OrigamiWang/msd/micro/util/log.Info:14) PostHandler. handler finish, funcName: github.com/OrigamiWang/msd/gorm-demo/handler.GetFirstUser, code: 0, msg: success. elapse: 1.3417ms
[2024/01/27 20:03:51 CST] [INFO] (github.com/OrigamiWang/msd/micro/util/log.Info:14) PostHandler. handler begin, funcName: github.com/OrigamiWang/msd/gorm-demo/handler.GetFirstUser, req: {"id":1,"name":"11"}
[2024/01/27 20:03:51 CST] [INFO] (github.com/OrigamiWang/msd/micro/util/log.Info:16) &{1 11}
[2024/01/27 20:03:51 CST] [INFO] (github.com/OrigamiWang/msd/micro/util/log.Info:14) user: &{7 origami 0 }
[2024/01/27 20:03:51 CST] [INFO] (github.com/OrigamiWang/msd/micro/util/log.Info:14) PostHandler. handler finish, funcName: github.com/OrigamiWang/msd/gorm-demo/handler.GetFirstUser, code: 0, msg: success. elapse: 1.6883ms
[2024/01/27 20:06:03 CST] [INFO] (github.com/OrigamiWang/msd/micro/util/log.Info:14) PostHandler. handler begin, funcName: github.com/OrigamiWang/msd/gorm-demo/handler.GetFirstUser, req: {"id":1,"name":"11"}
[2024/01/27 20:06:03 CST] [INFO] (github.com/OrigamiWang/msd/micro/util/log.Info:16) &{1 11}
[2024/01/27 20:06:03 CST] [INFO] (github.com/OrigamiWang/msd/micro/util/log.Info:14) user: &{7 origami 21 male}
[2024/01/27 20:06:03 CST] [INFO] (github.com/OrigamiWang/msd/micro/util/log.Info:14) PostHandler. handler finish, funcName: github.com/OrigamiWang/msd/gorm-demo/handler.GetFirstUser, code: 0, msg: success. elapse: 1.1424ms
[2024/01/27 20:18:26 CST] [INFO] (github.com/OrigamiWang/msd/micro/util/log.Info:14) PostHandler. handler begin, funcName: github.com/OrigamiWang/msd/gorm-demo/handler.GetFirstUser, req: {"id":1,"name":"11"}
[2024/01/27 20:18:26 CST] [INFO] (github.com/OrigamiWang/msd/micro/util/log.Info:16) &{1 11}
[2024/01/27 20:18:26 CST] [INFO] (github.com/OrigamiWang/msd/micro/util/log.Info:14) user: &{7 origami 21 male}
[2024/01/27 20:18:26 CST] [INFO] (github.com/OrigamiWang/msd/micro/util/log.Info:14) PostHandler. handler finish, funcName: github.com/OrigamiWang/msd/gorm-demo/handler.GetFirstUser, code: 0, msg: success. elapse: 636.1µs
[2024/01/27 20:24:48 CST] [INFO] (github.com/OrigamiWang/msd/micro/util/log.Info:14) PostHandler. handler begin, funcName: github.com/OrigamiWang/msd/gorm-demo/handler.GetUserList, req: <nil>
[2024/01/27 20:24:48 CST] [INFO] (github.com/OrigamiWang/msd/micro/util/log.Info:14) PostHandler. handler finish, funcName: github.com/OrigamiWang/msd/gorm-demo/handler.GetUserList, code: 0, msg: success. elapse: 527.3µs
[2024/01/27 20:32:08 CST] [INFO] (github.com/OrigamiWang/msd/micro/util/log.Info:14) PostHandler. handler begin, funcName: github.com/OrigamiWang/msd/gorm-demo/handler.GetUserListHandler, req: <nil>
[2024/01/27 20:32:08 CST] [INFO] (github.com/OrigamiWang/msd/micro/util/log.Info:14) PostHandler. handler finish, funcName: github.com/OrigamiWang/msd/gorm-demo/handler.GetUserListHandler, code: 0, msg: success. elapse: 636.2µs
[2024/01/27 20:32:09 CST] [INFO] (github.com/OrigamiWang/msd/micro/util/log.Info:14) PostHandler. handler begin, funcName: github.com/OrigamiWang/msd/gorm-demo/handler.GetUserByIdHandler, req: <nil>
[2024/01/27 20:32:09 CST] [INFO] (github.com/OrigamiWang/msd/micro/util/log.Info:14) PostHandler. handler finish, funcName: github.com/OrigamiWang/msd/gorm-demo/handler.GetUserByIdHandler, code: 0, msg: success. elapse: 2.2358ms
[2024/01/27 20:32:11 CST] [INFO] (github.com/OrigamiWang/msd/micro/util/log.Info:14) PostHandler. handler begin, funcName: github.com/OrigamiWang/msd/gorm-demo/handler.GetUserByIdHandler, req: <nil>
[2024/01/27 20:32:11 CST] [INFO] (github.com/OrigamiWang/msd/micro/util/log.Info:14) PostHandler. handler finish, funcName: github.com/OrigamiWang/msd/gorm-demo/handler.GetUserByIdHandler, code: 0, msg: success. elapse: 1.3264ms
[2024/01/27 20:32:13 CST] [INFO] (github.com/OrigamiWang/msd/micro/util/log.Info:14) PostHandler. handler begin, funcName: github.com/OrigamiWang/msd/gorm-demo/handler.GetUserListHandler, req: <nil>
[2024/01/27 20:32:13 CST] [INFO] (github.com/OrigamiWang/msd/micro/util/log.Info:14) PostHandler. handler finish, funcName: github.com/OrigamiWang/msd/gorm-demo/handler.GetUserListHandler, code: 0, msg: success. elapse: 865.3µs
[2024/01/27 20:32:19 CST] [INFO] (github.com/OrigamiWang/msd/micro/util/log.Info:14) PostHandler. handler begin, funcName: github.com/OrigamiWang/msd/gorm-demo/handler.GetUserByIdHandler, req: <nil>
[2024/01/27 20:32:19 CST] [INFO] (github.com/OrigamiWang/msd/micro/util/log.Info:14) PostHandler. handler finish, funcName: github.com/OrigamiWang/msd/gorm-demo/handler.GetUserByIdHandler, code: 0, msg: success. elapse: 1.065ms
[2024/01/27 20:32:20 CST] [INFO] (github.com/OrigamiWang/msd/micro/util/log.Info:14) PostHandler. handler begin, funcName: github.com/OrigamiWang/msd/gorm-demo/handler.GetUserByIdHandler, req: <nil>
[2024/01/27 20:32:20 CST] [INFO] (github.com/OrigamiWang/msd/micro/util/log.Info:14) PostHandler. handler finish, funcName: github.com/OrigamiWang/msd/gorm-demo/handler.GetUserByIdHandler, code: 0, msg: success. elapse: 874.7µs
[2024/01/27 20:32:22 CST] [INFO] (github.com/OrigamiWang/msd/micro/util/log.Info:14) PostHandler. handler begin, funcName: github.com/OrigamiWang/msd/gorm-demo/handler.GetUserByIdHandler, req: <nil>
[2024/01/27 20:32:22 CST] [INFO] (github.com/OrigamiWang/msd/micro/util/log.Info:14) PostHandler. handler finish, funcName: github.com/OrigamiWang/msd/gorm-demo/handler.GetUserByIdHandler, code: 0, msg: success. elapse: 254.8µs
[2024/01/27 20:32:23 CST] [INFO] (github.com/OrigamiWang/msd/micro/util/log.Info:14) PostHandler. handler begin, funcName: github.com/OrigamiWang/msd/gorm-demo/handler.GetUserByIdHandler, req: <nil>
[2024/01/27 20:32:23 CST] [INFO] (github.com/OrigamiWang/msd/micro/util/log.Info:14) PostHandler. handler finish, funcName: github.com/OrigamiWang/msd/gorm-demo/handler.GetUserByIdHandler, code: 0, msg: success. elapse: 604.7µs
[2024/01/27 20:32:24 CST] [INFO] (github.com/OrigamiWang/msd/micro/util/log.Info:14) PostHandler. handler begin, funcName: github.com/OrigamiWang/msd/gorm-demo/handler.GetUserByIdHandler, req: <nil>
[2024/01/27 20:32:24 CST] [INFO] (github.com/OrigamiWang/msd/micro/util/log.Info:14) PostHandler. handler finish, funcName: github.com/OrigamiWang/msd/gorm-demo/handler.GetUserByIdHandler, code: 0, msg: success. elapse: 821µs
[2024/01/27 20:32:26 CST] [INFO] (github.com/OrigamiWang/msd/micro/util/log.Info:14) PostHandler. handler begin, funcName: github.com/OrigamiWang/msd/gorm-demo/handler.GetUserListHandler, req: <nil>
[2024/01/27 20:32:26 CST] [INFO] (github.com/OrigamiWang/msd/micro/util/log.Info:14) PostHandler. handler finish, funcName: github.com/OrigamiWang/msd/gorm-demo/handler.GetUserListHandler, code: 0, msg: success. elapse: 785.7µs
[2024/01/27 20:32:28 CST] [INFO] (github.com/OrigamiWang/msd/micro/util/log.Info:14) PostHandler. handler begin, funcName: github.com/OrigamiWang/msd/gorm-demo/handler.GetUserByIdHandler, req: <nil>
[2024/01/27 20:32:28 CST] [INFO] (github.com/OrigamiWang/msd/micro/util/log.Info:14) PostHandler. handler finish, funcName: github.com/OrigamiWang/msd/gorm-demo/handler.GetUserByIdHandler, code: 0, msg: success. elapse: 1.0003ms
[2024/01/27 20:32:29 CST] [INFO] (github.com/OrigamiWang/msd/micro/util/log.Info:14) PostHandler. handler begin, funcName: github.com/OrigamiWang/msd/gorm-demo/handler.GetUserByIdHandler, req: <nil>
[2024/01/27 20:32:29 CST] [INFO] (github.com/OrigamiWang/msd/micro/util/log.Info:14) PostHandler. handler finish, funcName: github.com/OrigamiWang/msd/gorm-demo/handler.GetUserByIdHandler, code: 0, msg: success. elapse: 869.7µs
[2024/01/27 20:32:30 CST] [INFO] (github.com/OrigamiWang/msd/micro/util/log.Info:14) PostHandler. handler begin, funcName: github.com/OrigamiWang/msd/gorm-demo/handler.GetUserByIdHandler, req: <nil>
[2024/01/27 20:32:30 CST] [INFO] (github.com/OrigamiWang/msd/micro/util/log.Info:14) PostHandler. handler finish, funcName: github.com/OrigamiWang/msd/gorm-demo/handler.GetUserByIdHandler, code: 0, msg: success. elapse: 872µs
[2024/01/27 20:32:31 CST] [INFO] (github.com/OrigamiWang/msd/micro/util/log.Info:14) PostHandler. handler begin, funcName: github.com/OrigamiWang/msd/gorm-demo/handler.GetUserByIdHandler, req: <nil>
[2024/01/27 20:32:31 CST] [INFO] (github.com/OrigamiWang/msd/micro/util/log.Info:14) PostHandler. handler finish, funcName: github.com/OrigamiWang/msd/gorm-demo/handler.GetUserByIdHandler, code: 0, msg: success. elapse: 921µs
[2024/01/27 20:32:33 CST] [INFO] (github.com/OrigamiWang/msd/micro/util/log.Info:14) PostHandler. handler begin, funcName: github.com/OrigamiWang/msd/gorm-demo/handler.GetUserByIdHandler, req: <nil>
[2024/01/27 20:32:33 CST] [INFO] (github.com/OrigamiWang/msd/micro/util/log.Info:14) PostHandler. handler finish, funcName: github.com/OrigamiWang/msd/gorm-demo/handler.GetUserByIdHandler, code: 0, msg: success. elapse: 759.4µs
[2024/01/27 21:15:15 CST] [INFO] (github.com/OrigamiWang/msd/micro/util/log.Info:14) PostHandler. handler begin, funcName: github.com/OrigamiWang/msd/gorm-demo/handler.GetUserByIdHandler, req: <nil>
[2024/01/27 21:15:15 CST] [INFO] (github.com/OrigamiWang/msd/micro/util/log.Info:14) PostHandler. handler finish, funcName: github.com/OrigamiWang/msd/gorm-demo/handler.GetUserByIdHandler, code: 0, msg: success. elapse: 1.2696ms
[2024/01/27 21:15:42 CST] [EROR] (github.com/OrigamiWang/msd/micro/util/log.Error:28) PostHandler. handler begin, Bind json failed, funcName: github.com/OrigamiWang/msd/gorm-demo/handler.UpdateUserHandler, error: json: cannot unmarshal string into Go struct field UserReq.age of type int
[2024/01/27 21:15:58 CST] [INFO] (github.com/OrigamiWang/msd/micro/util/log.Info:14) PostHandler. handler begin, funcName: github.com/OrigamiWang/msd/gorm-demo/handler.UpdateUserHandler, req: {"name":"wang2","age":12,"sex":"other"}
[2024/01/27 21:15:58 CST] [INFO] (github.com/OrigamiWang/msd/micro/util/log.Info:14) PostHandler. handler finish, funcName: github.com/OrigamiWang/msd/gorm-demo/handler.UpdateUserHandler, code: 0, msg: success. elapse: 10.828ms
[2024/01/27 21:18:36 CST] [INFO] (github.com/OrigamiWang/msd/micro/util/log.Info:14) PostHandler. handler begin, funcName: github.com/OrigamiWang/msd/gorm-demo/handler.GetUserByIdHandler, req: <nil>
[2024/01/27 21:18:36 CST] [EROR] (github.com/OrigamiWang/msd/micro/util/log.Error:28) mysql. get user id failed, err: record not found
[2024/01/27 21:18:36 CST] [INFO] (github.com/OrigamiWang/msd/micro/util/log.Info:14) PostHandler. handler finish, funcName: github.com/OrigamiWang/msd/gorm-demo/handler.GetUserByIdHandler, code: 0, msg: success. elapse: 1.0248ms
[2024/01/27 21:18:40 CST] [INFO] (github.com/OrigamiWang/msd/micro/util/log.Info:14) PostHandler. handler begin, funcName: github.com/OrigamiWang/msd/gorm-demo/handler.GetUserByIdHandler, req: <nil>
[2024/01/27 21:18:40 CST] [INFO] (github.com/OrigamiWang/msd/micro/util/log.Info:14) PostHandler. handler finish, funcName: github.com/OrigamiWang/msd/gorm-demo/handler.GetUserByIdHandler, code: 0, msg: success. elapse: 1.0695ms
[2024/01/27 21:18:44 CST] [INFO] (github.com/OrigamiWang/msd/micro/util/log.Info:14) PostHandler. handler begin, funcName: github.com/OrigamiWang/msd/gorm-demo/handler.GetUserByIdHandler, req: <nil>
[2024/01/27 21:18:44 CST] [EROR] (github.com/OrigamiWang/msd/micro/util/log.Error:28) mysql. get user id failed, err: record not found
[2024/01/27 21:18:44 CST] [INFO] (github.com/OrigamiWang/msd/micro/util/log.Info:14) PostHandler. handler finish, funcName: github.com/OrigamiWang/msd/gorm-demo/handler.GetUserByIdHandler, code: 0, msg: success. elapse: 1.3511ms
[2024/01/27 21:18:47 CST] [INFO] (github.com/OrigamiWang/msd/micro/util/log.Info:14) PostHandler. handler begin, funcName: github.com/OrigamiWang/msd/gorm-demo/handler.GetUserByIdHandler, req: <nil>
[2024/01/27 21:18:47 CST] [INFO] (github.com/OrigamiWang/msd/micro/util/log.Info:14) PostHandler. handler finish, funcName: github.com/OrigamiWang/msd/gorm-demo/handler.GetUserByIdHandler, code: 0, msg: success. elapse: 1.506ms
[2024/01/27 21:19:04 CST] [INFO] (github.com/OrigamiWang/msd/micro/util/log.Info:14) PostHandler. handler begin, funcName: github.com/OrigamiWang/msd/gorm-demo/handler.UpdateUserHandler, req: {"name":"jkjj","age":22,"sex":"femalee"}
[2024/01/27 21:19:04 CST] [EROR] (github.com/OrigamiWang/msd/micro/util/log.Error:28) gorm: update user failed, err: Error 1265 (01000): Data truncated for column 'sex' at row 1
[2024/01/27 21:19:04 CST] [EROR] (github.com/OrigamiWang/msd/micro/util/log.Error:28) mysql. update user failed, err: Error 1265 (01000): Data truncated for column 'sex' at row 1
[2024/01/27 21:19:04 CST] [INFO] (github.com/OrigamiWang/msd/micro/util/log.Info:14) PostHandler. handler finish, funcName: github.com/OrigamiWang/msd/gorm-demo/handler.UpdateUserHandler, code: 0, msg: success. elapse: 3.6382ms
[2024/01/27 21:19:34 CST] [INFO] (github.com/OrigamiWang/msd/micro/util/log.Info:14) PostHandler. handler begin, funcName: github.com/OrigamiWang/msd/gorm-demo/handler.UpdateUserHandler, req: {"name":"jkjj","age":22,"sex":"female"}
[2024/01/27 21:19:34 CST] [INFO] (github.com/OrigamiWang/msd/micro/util/log.Info:14) PostHandler. handler finish, funcName: github.com/OrigamiWang/msd/gorm-demo/handler.UpdateUserHandler, code: 0, msg: success. elapse: 5.4579ms
[2024/01/27 21:20:17 CST] [INFO] (github.com/OrigamiWang/msd/micro/util/log.Info:14) PostHandler. handler begin, funcName: github.com/OrigamiWang/msd/gorm-demo/handler.UpdateUserHandler, req: {"name":"jkjj","age":22,"sex":"femal1e"}
[2024/01/27 21:20:17 CST] [EROR] (github.com/OrigamiWang/msd/micro/util/log.Error:28) gorm: update user failed, err: Error 1265 (01000): Data truncated for column 'sex' at row 1
[2024/01/27 21:20:17 CST] [EROR] (github.com/OrigamiWang/msd/micro/util/log.Error:28) mysql. update user failed, err: Error 1265 (01000): Data truncated for column 'sex' at row 1
[2024/01/27 21:20:17 CST] [INFO] (github.com/OrigamiWang/msd/micro/util/log.Info:14) PostHandler. handler finish, funcName: github.com/OrigamiWang/msd/gorm-demo/handler.UpdateUserHandler, code: 0, msg: success. elapse: 880.1µs
[2024/01/27 21:20:24 CST] [INFO] (github.com/OrigamiWang/msd/micro/util/log.Info:14) PostHandler. handler begin, funcName: github.com/OrigamiWang/msd/gorm-demo/handler.UpdateUserHandler, req: {"name":"jkjj","age":22,"sex":"female"}
[2024/01/27 21:20:24 CST] [INFO] (github.com/OrigamiWang/msd/micro/util/log.Info:14) PostHandler. handler finish, funcName: github.com/OrigamiWang/msd/gorm-demo/handler.UpdateUserHandler, code: 0, msg: success. elapse: 755.6µs
[2024/01/27 21:27:20 CST] [INFO] (github.com/OrigamiWang/msd/micro/util/log.Info:14) PostHandler. handler begin, funcName: github.com/OrigamiWang/msd/gorm-demo/handler.AddUserHandler, req: {"name":"tamaki kouji","age":62,"sex":"male"}
[2024/01/27 21:27:20 CST] [EROR] (github.com/OrigamiWang/msd/micro/util/log.Error:28) mysql. add user failed, err: Error 1146 (42S02): Table 'msd.user_reqs' doesn't exist
[2024/01/27 21:27:20 CST] [INFO] (github.com/OrigamiWang/msd/micro/util/log.Info:14) PostHandler. handler finish, funcName: github.com/OrigamiWang/msd/gorm-demo/handler.AddUserHandler, code: 0, msg: success. elapse: 4.5686ms
[2024/01/27 21:28:28 CST] [INFO] (github.com/OrigamiWang/msd/micro/util/log.Info:14) PostHandler. handler begin, funcName: github.com/OrigamiWang/msd/gorm-demo/handler.AddUserHandler, req: {"name":"tamaki kouji","age":62,"sex":"male"}
[2024/01/27 21:29:38 CST] [INFO] (github.com/OrigamiWang/msd/micro/util/log.Info:14) PostHandler. handler begin, funcName: github.com/OrigamiWang/msd/gorm-demo/handler.AddUserHandler, req: {"name":"tamaki kouji","age":62,"sex":"male"}
[2024/01/27 21:33:43 CST] [INFO] (github.com/OrigamiWang/msd/micro/util/log.Info:14) PostHandler. handler begin, funcName: github.com/OrigamiWang/msd/gorm-demo/handler.AddUserHandler, req: {"name":"tamaki kouji","age":62,"sex":"male"}
[2024/01/27 21:34:33 CST] [INFO] (github.com/OrigamiWang/msd/micro/util/log.Info:14) PostHandler. handler begin, funcName: github.com/OrigamiWang/msd/gorm-demo/handler.GetUserByIdHandler, req: <nil>
[2024/01/27 21:34:33 CST] [INFO] (github.com/OrigamiWang/msd/micro/util/log.Info:14) PostHandler. handler finish, funcName: github.com/OrigamiWang/msd/gorm-demo/handler.GetUserByIdHandler, code: 0, msg: success. elapse: 1.5564ms
[2024/01/27 21:34:42 CST] [INFO] (github.com/OrigamiWang/msd/micro/util/log.Info:14) PostHandler. handler begin, funcName: github.com/OrigamiWang/msd/gorm-demo/handler.UpdateUserHandler, req: {"name":"tamaki kouji","age":62,"sex":"male"}
[2024/01/27 21:34:42 CST] [INFO] (github.com/OrigamiWang/msd/micro/util/log.Info:14) PostHandler. handler finish, funcName: github.com/OrigamiWang/msd/gorm-demo/handler.UpdateUserHandler, code: 0, msg: success. elapse: 6.2865ms
[2024/01/27 21:35:57 CST] [INFO] (github.com/OrigamiWang/msd/micro/util/log.Info:14) PostHandler. handler begin, funcName: github.com/OrigamiWang/msd/gorm-demo/handler.UpdateUserHandler, req: {"name":"tamaki kouji","age":62,"sex":"male"}
[2024/01/27 21:35:57 CST] [INFO] (github.com/OrigamiWang/msd/micro/util/log.Info:14) PostHandler. handler finish, funcName: github.com/OrigamiWang/msd/gorm-demo/handler.UpdateUserHandler, code: 0, msg: success. elapse: 1.542ms
[2024/01/27 21:39:36 CST] [INFO] (github.com/OrigamiWang/msd/micro/util/log.Info:14) PostHandler. handler begin, funcName: github.com/OrigamiWang/msd/gorm-demo/handler.UpdateUserHandler, req: {"name":"tamaki kouji","age":61,"sex":"male"}
[2024/01/27 21:39:36 CST] [INFO] (github.com/OrigamiWang/msd/micro/util/log.Info:14) PostHandler. handler finish, funcName: github.com/OrigamiWang/msd/gorm-demo/handler.UpdateUserHandler, code: 0, msg: success. elapse: 4.2357ms
[2024/01/27 21:39:59 CST] [INFO] (github.com/OrigamiWang/msd/micro/util/log.Info:14) PostHandler. handler begin, funcName: github.com/OrigamiWang/msd/gorm-demo/handler.AddUserHandler, req: {"name":"tokugawa","age":61,"sex":"male"}
[2024/01/27 21:39:59 CST] [INFO] (github.com/OrigamiWang/msd/micro/util/log.Info:14) PostHandler. handler finish, funcName: github.com/OrigamiWang/msd/gorm-demo/handler.AddUserHandler, code: 0, msg: success. elapse: 5.8878ms
